#
# A fatal error has been detected by the Java Runtime Environment:
#
#  SIGSEGV (0xb) at pc=0x000000011086345f, pid=67750, tid=0x0000000000010c07
#
# JRE version: Java(TM) SE Runtime Environment (8.0_144-b01) (build 1.8.0_144-b01)
# Java VM: Java HotSpot(TM) 64-Bit Server VM (25.144-b01 mixed mode bsd-amd64 compressed oops)
# Problematic frame:
# C  [libawt_lwawt.dylib+0x1c45f]  OGLSD_SetScratchSurface+0x49
#
# Failed to write core dump. Core dumps have been disabled. To enable core dumping, try "ulimit -c unlimited" before starting Java again
#
# If you would like to submit a bug report, please visit:
#   http://bugreport.java.com/bugreport/crash.jsp
# The crash happened outside the Java Virtual Machine in native code.
# See problematic frame for where to report the bug.
#

---------------  T H R E A D  ---------------

Current thread (0x00007f8f13406800):  JavaThread "Java2D Queue Flusher" daemon [_thread_in_native, id=68615, stack(0x0000700003cbc000,0x0000700003dbc000)]

siginfo: si_signo: 11 (SIGSEGV), si_code: 1 (SEGV_MAPERR), si_addr: 0x0000000000000002

Registers:
RAX=0x00000000ffffffff, RBX=0x0000000000000002, RCX=0x0000000000000047, RDX=0x0000000110884258
RSP=0x0000700003dbb6e0, RBP=0x0000700003dbb700, RSI=0x00007f8f15380a00, RDI=0x00007f8f134069f8
R8 =0x00007f8f12c5b048, R9 =0xffffffff00000000, R10=0x00000001118289c8, R11=0x00000001038e5563
R12=0x0000000000000000, R13=0x000000010e1f3958, R14=0x00007f8f134069f8, R15=0x00007f8f13406800
RIP=0x000000011086345f, EFLAGS=0x0000000000010202, ERR=0x0000000000000004
  TRAPNO=0x000000000000000e

Top of Stack: (sp=0x0000700003dbb6e0)
0x0000700003dbb6e0:   00007f8f15380a00 0000000000000000
0x0000700003dbb6f0:   00007f8f133fe610 00007f8f13406800
0x0000700003dbb700:   0000700003dbb780 0000000110883d36
0x0000700003dbb710:   0000000003dbb830 000000020e1f3958
0x0000700003dbb720:   0000000000000000 000000011383140a
0x0000700003dbb730:   0000000000000064 00007f8f13406800
0x0000700003dbb740:   0000000000000bad 00007f8f133fe620
0x0000700003dbb750:   00007f8f00406800 00007f8f134069f8
0x0000700003dbb760:   000000010e1f3958 0000000000000000
0x0000700003dbb770:   0000700003dbb830 00007f8f13406800
0x0000700003dbb780:   0000700003dbb7f8 00000001118289f4
0x0000700003dbb790:   000000010dda9d78 0000000000000000
0x0000700003dbb7a0:   000000010dda82d0 0000000000000000
0x0000700003dbb7b0:   0000700003dbb7d0 0000700003dbb7b8
0x0000700003dbb7c0:   0000000000000000 0000700003dbb830
0x0000700003dbb7d0:   000000010e1f49f0 0000000000000000
0x0000700003dbb7e0:   000000010e1f3958 0000000000000000
0x0000700003dbb7f0:   0000700003dbb818 0000700003dbb878
0x0000700003dbb800:   00000001118192bd 0000000000000000
0x0000700003dbb810:   0000000111822538 0000000000000020
0x0000700003dbb820:   00007f8f133fe600 000000076eb11570
0x0000700003dbb830:   000000076eb11558 0000700003dbb838
0x0000700003dbb840:   000000010e1f3a05 0000700003dbb890
0x0000700003dbb850:   000000010e1f49f0 0000000000000000
0x0000700003dbb860:   000000010e1f3a28 0000700003dbb818
0x0000700003dbb870:   0000700003dbb890 0000700003dbb8d8
0x0000700003dbb880:   00000001118192bd 0000000000000020
0x0000700003dbb890:   000000076eb11558 0000700003dbb898
0x0000700003dbb8a0:   000000010e1f3be1 0000700003dbb8e8
0x0000700003dbb8b0:   000000010e1f49f0 0000000000000000
0x0000700003dbb8c0:   000000010e1f3bf0 0000700003dbb890
0x0000700003dbb8d0:   0000700003dbb8e8 0000700003dbb940 

Instructions: (pc=0x000000011086345f)
0x000000011086343f:   c0 e9 82 00 00 00 48 8b 5e 10 48 85 db 75 0e bf
0x000000011086344f:   01 00 00 00 48 8d 15 67 7b 03 00 eb d6 49 89 fe
0x000000011086345f:   4c 8b 3b 30 c0 e8 21 a6 02 00 49 8b 3f 49 89 c4
0x000000011086346f:   48 8b 35 aa 02 06 00 30 c0 e8 51 a7 02 00 48 85 

Register to memory mapping:

RAX=0x00000000ffffffff is an unknown value
RBX=0x0000000000000002 is an unknown value
RCX=0x0000000000000047 is an unknown value
RDX=0x0000000110884258: Java_sun_java2d_opengl_OGLRenderQueue_flushBuffer+0xb5c in /Library/Java/JavaVirtualMachines/jdk1.8.0_144.jdk/Contents/Home/jre/lib/libawt_lwawt.dylib at 0x0000000110847000
RSP=0x0000700003dbb6e0 is pointing into the stack for thread: 0x00007f8f13406800
RBP=0x0000700003dbb700 is pointing into the stack for thread: 0x00007f8f13406800
RSI=0x00007f8f15380a00 is an unknown value
RDI=0x00007f8f134069f8 is an unknown value
R8 =0x00007f8f12c5b048 is an unknown value
R9 =0xffffffff00000000 is an unknown value
R10=0x00000001118289c8 is at code_begin+808 in an Interpreter codelet
method entry point (kind = native)  [0x00000001118286a0, 0x0000000111828fa0]  2304 bytes
R11=0x00000001038e5563: throw_unsatisfied_link_error+0 in /Library/Java/JavaVirtualMachines/jdk1.8.0_144.jdk/Contents/Home/jre/lib/server/libjvm.dylib at 0x0000000103400000
R12=0x0000000000000000 is an unknown value
R13={method} {0x000000010e1f3958} 'flushBuffer' '(JI)V' in 'sun/java2d/opengl/OGLRenderQueue'
R14=0x00007f8f134069f8 is an unknown value
R15=0x00007f8f13406800 is a thread


Stack: [0x0000700003cbc000,0x0000700003dbc000],  sp=0x0000700003dbb6e0,  free space=1021k
Native frames: (J=compiled Java code, j=interpreted, Vv=VM code, C=native code)
C  [libawt_lwawt.dylib+0x1c45f]  OGLSD_SetScratchSurface+0x49
C  [libawt_lwawt.dylib+0x3cd36]  Java_sun_java2d_opengl_OGLRenderQueue_flushBuffer+0x63a
j  sun.java2d.opengl.OGLRenderQueue.flushBuffer(JI)V+0
j  sun.java2d.opengl.OGLRenderQueue.flushBuffer()V+21
j  sun.java2d.opengl.OGLRenderQueue.access$100(Lsun/java2d/opengl/OGLRenderQueue;)V+1
j  sun.java2d.opengl.OGLRenderQueue$QueueFlusher.run()V+81
v  ~StubRoutines::call_stub
V  [libjvm.dylib+0x2ee70a]  JavaCalls::call_helper(JavaValue*, methodHandle*, JavaCallArguments*, Thread*)+0x6ae
V  [libjvm.dylib+0x2eeeae]  JavaCalls::call_virtual(JavaValue*, KlassHandle, Symbol*, Symbol*, JavaCallArguments*, Thread*)+0x164
V  [libjvm.dylib+0x2ef05a]  JavaCalls::call_virtual(JavaValue*, Handle, KlassHandle, Symbol*, Symbol*, Thread*)+0x4a
V  [libjvm.dylib+0x3497b1]  thread_entry(JavaThread*, Thread*)+0x7c
V  [libjvm.dylib+0x56c0b3]  JavaThread::thread_main_inner()+0x9b
V  [libjvm.dylib+0x56d7a0]  JavaThread::run()+0x1c2
V  [libjvm.dylib+0x48baee]  java_start(Thread*)+0xf6
C  [libsystem_pthread.dylib+0x36c1]  _pthread_body+0x154
C  [libsystem_pthread.dylib+0x356d]  _pthread_body+0x0
C  [libsystem_pthread.dylib+0x2c5d]  thread_start+0xd
C  0x0000000000000000

Java frames: (J=compiled Java code, j=interpreted, Vv=VM code)
j  sun.java2d.opengl.OGLRenderQueue.flushBuffer(JI)V+0
j  sun.java2d.opengl.OGLRenderQueue.flushBuffer()V+21
j  sun.java2d.opengl.OGLRenderQueue.access$100(Lsun/java2d/opengl/OGLRenderQueue;)V+1
j  sun.java2d.opengl.OGLRenderQueue$QueueFlusher.run()V+81
v  ~StubRoutines::call_stub

---------------  P R O C E S S  ---------------

Java Threads: ( => current thread )
  0x00007f8f16aa8800 JavaThread "AWT-EventQueue-0-FPSAWTAnimator#00-Timer0" [_thread_blocked, id=80171, stack(0x0000700003ec2000,0x0000700003fc2000)]
  0x00007f8f13a49000 JavaThread "Java2D Disposer" daemon [_thread_blocked, id=69135, stack(0x0000700003dbf000,0x0000700003ebf000)]
=>0x00007f8f13406800 JavaThread "Java2D Queue Flusher" daemon [_thread_in_native, id=68615, stack(0x0000700003cbc000,0x0000700003dbc000)]
  0x00007f8f17065000 JavaThread "DestroyJavaVM" [_thread_blocked, id=6915, stack(0x0000700002368000,0x0000700002468000)]
  0x00007f8f13a3a800 JavaThread "AWT-EventQueue-0" [_thread_blocked, id=56587, stack(0x0000700003bb9000,0x0000700003cb9000)]
  0x00007f8f13228000 JavaThread "AWT-Shutdown" [_thread_blocked, id=33067, stack(0x00007000037a4000,0x00007000038a4000)]
  0x00007f8f1321c800 JavaThread "AWT-AppKit" daemon [_thread_in_native, id=775, stack(0x00007ffeed194000,0x00007ffeed994000)]
  0x00007f8f1407e000 JavaThread "Service Thread" daemon [_thread_blocked, id=21507, stack(0x000070000359e000,0x000070000369e000)]
  0x00007f8f16833800 JavaThread "C1 CompilerThread3" daemon [_thread_blocked, id=20995, stack(0x000070000349b000,0x000070000359b000)]
  0x00007f8f1682c000 JavaThread "C2 CompilerThread2" daemon [_thread_blocked, id=20483, stack(0x0000700003398000,0x0000700003498000)]
  0x00007f8f13012000 JavaThread "C2 CompilerThread1" daemon [_thread_blocked, id=19971, stack(0x0000700003295000,0x0000700003395000)]
  0x00007f8f1499f800 JavaThread "C2 CompilerThread0" daemon [_thread_blocked, id=19459, stack(0x0000700003192000,0x0000700003292000)]
  0x00007f8f1499e000 JavaThread "Monitor Ctrl-Break" daemon [_thread_in_native, id=18947, stack(0x000070000308f000,0x000070000318f000)]
  0x00007f8f13008800 JavaThread "Signal Dispatcher" daemon [_thread_blocked, id=18439, stack(0x0000700002f8c000,0x000070000308c000)]
  0x00007f8f14814800 JavaThread "Finalizer" daemon [_thread_blocked, id=15107, stack(0x0000700002e89000,0x0000700002f89000)]
  0x00007f8f15802800 JavaThread "Reference Handler" daemon [_thread_blocked, id=14595, stack(0x0000700002d86000,0x0000700002e86000)]

Other Threads:
  0x00007f8f1382c800 VMThread [stack: 0x0000700002c83000,0x0000700002d83000] [id=14083]
  0x00007f8f17007000 WatcherThread [stack: 0x00007000036a1000,0x00007000037a1000] [id=22019]

VM state:not at safepoint (normal execution)

VM Mutex/Monitor currently owned by a thread: None

Heap:
 PSYoungGen      total 76288K, used 13501K [0x000000076ab00000, 0x0000000770000000, 0x00000007c0000000)
  eden space 65536K, 4% used [0x000000076ab00000,0x000000076adb0220,0x000000076eb00000)
  from space 10752K, 99% used [0x000000076eb00000,0x000000076f57f5c0,0x000000076f580000)
  to   space 10752K, 0% used [0x000000076f580000,0x000000076f580000,0x0000000770000000)
 ParOldGen       total 175104K, used 26512K [0x00000006c0000000, 0x00000006cab00000, 0x000000076ab00000)
  object space 175104K, 15% used [0x00000006c0000000,0x00000006c19e41b0,0x00000006cab00000)
 Metaspace       used 19817K, capacity 20136K, committed 20352K, reserved 1067008K
  class space    used 1969K, capacity 2068K, committed 2176K, reserved 1048576K

Card table byte_map: [0x0000000104767000,0x0000000104f68000] byte_map_base: 0x0000000101167000

Marking Bits: (ParMarkBitMap*) 0x0000000103cf35d0
 Begin Bits: [0x00000001054be000, 0x00000001094be000)
 End Bits:   [0x00000001094be000, 0x000000010d4be000)

Polling page: 0x00000001022f0000

CodeCache: size=245760Kb used=7891Kb max_used=8086Kb free=237868Kb
 bounds [0x0000000111811000, 0x0000000112041000, 0x0000000120811000]
 total_blobs=3134 nmethods=2239 adapters=809
 compilation: enabled

Compilation events (10 events):
Event: 165.245 Thread 0x00007f8f16833800 2474       3       sun.java2d.loops.SurfaceType::pixelFor (10 bytes)
Event: 165.245 Thread 0x00007f8f16833800 nmethod 2474 0x0000000111d0f8d0 code [0x0000000111d0fa40, 0x0000000111d0fc68]
Event: 165.263 Thread 0x00007f8f16833800 2475       1       java.awt.AlphaComposite::getRule (5 bytes)
Event: 165.263 Thread 0x00007f8f16833800 nmethod 2475 0x0000000111d0cdd0 code [0x0000000111d0cf20, 0x0000000111d0d030]
Event: 165.263 Thread 0x00007f8f16833800 2476       1       java.awt.Component::getX (5 bytes)
Event: 165.263 Thread 0x00007f8f16833800 nmethod 2476 0x0000000111bfa190 code [0x0000000111bfa2e0, 0x0000000111bfa3f0]
Event: 165.263 Thread 0x00007f8f16833800 2477       1       java.awt.Component::getY (5 bytes)
Event: 165.263 Thread 0x00007f8f16833800 nmethod 2477 0x0000000111bf9e50 code [0x0000000111bf9fa0, 0x0000000111bfa0b0]
Event: 168.025 Thread 0x00007f8f16833800 2478       3       com.jogamp.common.nio.Buffers::newDirectFloatBuffer (10 bytes)
Event: 168.025 Thread 0x00007f8f16833800 nmethod 2478 0x0000000111b4bc90 code [0x0000000111b4be40, 0x0000000111b4c368]

GC Heap History (6 events):
Event: 4.925 GC heap before
{Heap before GC invocations=1 (full 0):
 PSYoungGen      total 76288K, used 65536K [0x000000076ab00000, 0x0000000770000000, 0x00000007c0000000)
  eden space 65536K, 100% used [0x000000076ab00000,0x000000076eb00000,0x000000076eb00000)
  from space 10752K, 0% used [0x000000076f580000,0x000000076f580000,0x0000000770000000)
  to   space 10752K, 0% used [0x000000076eb00000,0x000000076eb00000,0x000000076f580000)
 ParOldGen       total 175104K, used 0K [0x00000006c0000000, 0x00000006cab00000, 0x000000076ab00000)
  object space 175104K, 0% used [0x00000006c0000000,0x00000006c0000000,0x00000006cab00000)
 Metaspace       used 18489K, capacity 18768K, committed 18944K, reserved 1067008K
  class space    used 1886K, capacity 2000K, committed 2048K, reserved 1048576K
Event: 4.950 GC heap after
Heap after GC invocations=1 (full 0):
 PSYoungGen      total 76288K, used 8453K [0x000000076ab00000, 0x0000000770000000, 0x00000007c0000000)
  eden space 65536K, 0% used [0x000000076ab00000,0x000000076ab00000,0x000000076eb00000)
  from space 10752K, 78% used [0x000000076eb00000,0x000000076f3415a0,0x000000076f580000)
  to   space 10752K, 0% used [0x000000076f580000,0x000000076f580000,0x0000000770000000)
 ParOldGen       total 175104K, used 16K [0x00000006c0000000, 0x00000006cab00000, 0x000000076ab00000)
  object space 175104K, 0% used [0x00000006c0000000,0x00000006c0004000,0x00000006cab00000)
 Metaspace       used 18489K, capacity 18768K, committed 18944K, reserved 1067008K
  class space    used 1886K, capacity 2000K, committed 2048K, reserved 1048576K
}
Event: 64.162 GC heap before
{Heap before GC invocations=2 (full 0):
 PSYoungGen      total 76288K, used 73989K [0x000000076ab00000, 0x0000000770000000, 0x00000007c0000000)
  eden space 65536K, 100% used [0x000000076ab00000,0x000000076eb00000,0x000000076eb00000)
  from space 10752K, 78% used [0x000000076eb00000,0x000000076f3415a0,0x000000076f580000)
  to   space 10752K, 0% used [0x000000076f580000,0x000000076f580000,0x0000000770000000)
 ParOldGen       total 175104K, used 16K [0x00000006c0000000, 0x00000006cab00000, 0x000000076ab00000)
  object space 175104K, 0% used [0x00000006c0000000,0x00000006c0004000,0x00000006cab00000)
 Metaspace       used 19695K, capacity 20004K, committed 20352K, reserved 1067008K
  class space    used 1959K, capacity 2068K, committed 2176K, reserved 1048576K
Event: 64.234 GC heap after
Heap after GC invocations=2 (full 0):
 PSYoungGen      total 76288K, used 10736K [0x000000076ab00000, 0x0000000770000000, 0x00000007c0000000)
  eden space 65536K, 0% used [0x000000076ab00000,0x000000076ab00000,0x000000076eb00000)
  from space 10752K, 99% used [0x000000076f580000,0x000000076fffc030,0x0000000770000000)
  to   space 10752K, 0% used [0x000000076eb00000,0x000000076eb00000,0x000000076f580000)
 ParOldGen       total 175104K, used 10704K [0x00000006c0000000, 0x00000006cab00000, 0x000000076ab00000)
  object space 175104K, 6% used [0x00000006c0000000,0x00000006c0a741b0,0x00000006cab00000)
 Metaspace       used 19695K, capacity 20004K, committed 20352K, reserved 1067008K
  class space    used 1959K, capacity 2068K, committed 2176K, reserved 1048576K
}
Event: 167.886 GC heap before
{Heap before GC invocations=3 (full 0):
 PSYoungGen      total 76288K, used 76272K [0x000000076ab00000, 0x0000000770000000, 0x00000007c0000000)
  eden space 65536K, 100% used [0x000000076ab00000,0x000000076eb00000,0x000000076eb00000)
  from space 10752K, 99% used [0x000000076f580000,0x000000076fffc030,0x0000000770000000)
  to   space 10752K, 0% used [0x000000076eb00000,0x000000076eb00000,0x000000076f580000)
 ParOldGen       total 175104K, used 10704K [0x00000006c0000000, 0x00000006cab00000, 0x000000076ab00000)
  object space 175104K, 6% used [0x00000006c0000000,0x00000006c0a741b0,0x00000006cab00000)
 Metaspace       used 19817K, capacity 20136K, committed 20352K, reserved 1067008K
  class space    used 1969K, capacity 2068K, committed 2176K, reserved 1048576K
Event: 168.023 GC heap after
Heap after GC invocations=3 (full 0):
 PSYoungGen      total 76288K, used 10749K [0x000000076ab00000, 0x0000000770000000, 0x00000007c0000000)
  eden space 65536K, 0% used [0x000000076ab00000,0x000000076ab00000,0x000000076eb00000)
  from space 10752K, 99% used [0x000000076eb00000,0x000000076f57f5c0,0x000000076f580000)
  to   space 10752K, 0% used [0x000000076f580000,0x000000076f580000,0x0000000770000000)
 ParOldGen       total 175104K, used 26512K [0x00000006c0000000, 0x00000006cab00000, 0x000000076ab00000)
  object space 175104K, 15% used [0x00000006c0000000,0x00000006c19e41b0,0x00000006cab00000)
 Metaspace       used 19817K, capacity 20136K, committed 20352K, reserved 1067008K
  class space    used 1969K, capacity 2068K, committed 2176K, reserved 1048576K
}

Deoptimization events (10 events):
Event: 157.658 Thread 0x00007f8f13a3a800 Uncommon trap: reason=class_check action=maybe_recompile pc=0x0000000111fee1d8 method=java.awt.event.InvocationEvent.dispatch()V @ 47
Event: 157.660 Thread 0x00007f8f13a3a800 Uncommon trap: reason=unstable_if action=reinterpret pc=0x0000000111feb958 method=com.jogamp.opengl.awt.GLCanvas.getGraphicsConfiguration()Ljava/awt/GraphicsConfiguration; @ 48
Event: 157.761 Thread 0x00007f8f1321c800 Uncommon trap: reason=unstable_if action=reinterpret pc=0x0000000111fa7174 method=java.awt.EventQueue.getPriority(Ljava/awt/AWTEvent;)I @ 71
Event: 157.762 Thread 0x00007f8f1321c800 Uncommon trap: reason=unstable_if action=reinterpret pc=0x0000000111fdc554 method=java.awt.EventQueue.getPriority(Ljava/awt/AWTEvent;)I @ 71
Event: 157.774 Thread 0x00007f8f13a3a800 Uncommon trap: reason=class_check action=maybe_recompile pc=0x0000000111fee1d8 method=java.awt.event.InvocationEvent.dispatch()V @ 47
Event: 157.844 Thread 0x00007f8f13a3a800 Uncommon trap: reason=class_check action=maybe_recompile pc=0x0000000111fee1d8 method=java.awt.event.InvocationEvent.dispatch()V @ 47
Event: 157.848 Thread 0x00007f8f13a3a800 Uncommon trap: reason=class_check action=maybe_recompile pc=0x0000000111fee1d8 method=java.awt.event.InvocationEvent.dispatch()V @ 47
Event: 161.577 Thread 0x00007f8f13a3a800 Uncommon trap: reason=class_check action=maybe_recompile pc=0x0000000111f3277c method=jogamp.common.util.locks.RecursiveLockImpl01Unfairish.tryLock(J)Z @ 75
Event: 161.577 Thread 0x00007f8f13a3a800 Uncommon trap: reason=class_check action=maybe_recompile pc=0x0000000111f33084 method=jogamp.common.util.locks.RecursiveLockImpl01Unfairish.validateLocked()V @ 14
Event: 168.024 Thread 0x00007f8f13a3a800 Uncommon trap: reason=unstable_if action=reinterpret pc=0x0000000111e6a704 method=java.nio.Bits.tryReserveMemory(JI)Z @ 29

Internal exceptions (10 events):
Event: 0.468 Thread 0x00007f8f14800800 Exception <a 'java/security/PrivilegedActionException'> (0x000000076ae8e888) thrown at [/Users/java_re/workspace/8-2-build-macosx-x86_64/jdk8u144/9417/hotspot/src/share/vm/prims/jvm.cpp, line 1390]
Event: 0.468 Thread 0x00007f8f14800800 Exception <a 'java/security/PrivilegedActionException'> (0x000000076ae8ea98) thrown at [/Users/java_re/workspace/8-2-build-macosx-x86_64/jdk8u144/9417/hotspot/src/share/vm/prims/jvm.cpp, line 1390]
Event: 0.567 Thread 0x00007f8f14800800 Exception <a 'java/lang/NoSuchFieldError': method resolution failed> (0x000000076b252160) thrown at [/Users/java_re/workspace/8-2-build-macosx-x86_64/jdk8u144/9417/hotspot/src/share/vm/prims/methodHandles.cpp, line 1146]
Event: 0.570 Thread 0x00007f8f14800800 Exception <a 'java/lang/NoSuchFieldError': method resolution failed> (0x000000076b2603d8) thrown at [/Users/java_re/workspace/8-2-build-macosx-x86_64/jdk8u144/9417/hotspot/src/share/vm/prims/methodHandles.cpp, line 1146]
Event: 1.134 Thread 0x00007f8f14800800 Exception <a 'java/io/FileNotFoundException'> (0x000000076b302cc8) thrown at [/Users/java_re/workspace/8-2-build-macosx-x86_64/jdk8u144/9417/hotspot/src/share/vm/prims/jni.cpp, line 709]
Event: 1.134 Thread 0x00007f8f14800800 Exception <a 'java/io/FileNotFoundException'> (0x000000076b303838) thrown at [/Users/java_re/workspace/8-2-build-macosx-x86_64/jdk8u144/9417/hotspot/src/share/vm/prims/jni.cpp, line 709]
Event: 1.213 Thread 0x00007f8f13a3a800 Exception <a 'java/io/FileNotFoundException'> (0x000000076b636078) thrown at [/Users/java_re/workspace/8-2-build-macosx-x86_64/jdk8u144/9417/hotspot/src/share/vm/prims/jni.cpp, line 709]
Event: 1.586 Thread 0x00007f8f13a3a800 Exception <a 'java/io/FileNotFoundException'> (0x000000076be28ff8) thrown at [/Users/java_re/workspace/8-2-build-macosx-x86_64/jdk8u144/9417/hotspot/src/share/vm/prims/jni.cpp, line 709]
Event: 1.594 Thread 0x00007f8f13a3a800 Exception <a 'java/lang/UnsatisfiedLinkError': com.jogamp.common.util.JarUtil.fixNativeLibAttribs(Ljava/lang/String;)Z> (0x000000076be4bd48) thrown at [/Users/java_re/workspace/8-2-build-macosx-x86_64/jdk8u144/9417/hotspot/src/share/vm/prims/nativeLookup.
Event: 4.951 Thread 0x00007f8f14814800 Exception <a 'java/lang/NullPointerException'> (0x000000076acc5e20) thrown at [/Users/java_re/workspace/8-2-build-macosx-x86_64/jdk8u144/9417/hotspot/src/share/vm/interpreter/linkResolver.cpp, line 1197]

Events (10 events):
Event: 161.577 Thread 0x00007f8f13a3a800 DEOPT PACKING pc=0x0000000111f3277c sp=0x0000700003cb7300
Event: 161.577 Thread 0x00007f8f13a3a800 DEOPT UNPACKING pc=0x0000000111816229 sp=0x0000700003cb72a0 mode 2
Event: 161.577 Thread 0x00007f8f13a3a800 Uncommon trap: trap_request=0xffffffde fr.pc=0x0000000111f33084
Event: 161.577 Thread 0x00007f8f13a3a800 DEOPT PACKING pc=0x0000000111f33084 sp=0x0000700003cb7230
Event: 161.577 Thread 0x00007f8f13a3a800 DEOPT UNPACKING pc=0x0000000111816229 sp=0x0000700003cb7190 mode 2
Event: 167.885 Executing VM operation: ParallelGCFailedAllocation
Event: 168.023 Executing VM operation: ParallelGCFailedAllocation done
Event: 168.024 Thread 0x00007f8f13a3a800 Uncommon trap: trap_request=0xffffff65 fr.pc=0x0000000111e6a704
Event: 168.024 Thread 0x00007f8f13a3a800 DEOPT PACKING pc=0x0000000111e6a704 sp=0x0000700003cb74f0
Event: 168.024 Thread 0x00007f8f13a3a800 DEOPT UNPACKING pc=0x0000000111816229 sp=0x0000700003cb7278 mode 2


Dynamic libraries:
0x00000000034e2000 	/System/Library/Frameworks/Cocoa.framework/Versions/A/Cocoa
0x00000000034e2000 	/System/Library/Frameworks/Security.framework/Versions/A/Security
0x00000000034e2000 	/System/Library/Frameworks/ApplicationServices.framework/Versions/A/ApplicationServices
0x00000000034e2000 	/usr/lib/libz.1.dylib
0x00000000034e2000 	/usr/lib/libSystem.B.dylib
0x00000000034e2000 	/usr/lib/libobjc.A.dylib
0x00000000034e2000 	/System/Library/Frameworks/CoreFoundation.framework/Versions/A/CoreFoundation
0x00000000034e2000 	/System/Library/Frameworks/Foundation.framework/Versions/C/Foundation
0x00000000034e2000 	/System/Library/Frameworks/AppKit.framework/Versions/C/AppKit
0x00000000034e2000 	/System/Library/Frameworks/CoreData.framework/Versions/A/CoreData
0x00000000034e2000 	/System/Library/PrivateFrameworks/RemoteViewServices.framework/Versions/A/RemoteViewServices
0x00000000034e2000 	/System/Library/PrivateFrameworks/UIFoundation.framework/Versions/A/UIFoundation
0x00000000034e2000 	/System/Library/PrivateFrameworks/DFRFoundation.framework/Versions/A/DFRFoundation
0x00000000034e2000 	/System/Library/Frameworks/Metal.framework/Versions/A/Metal
0x00000000034e2000 	/System/Library/PrivateFrameworks/DesktopServicesPriv.framework/Versions/A/DesktopServicesPriv
0x00000000034e2000 	/usr/lib/libenergytrace.dylib
0x00000000034e2000 	/System/Library/PrivateFrameworks/SkyLight.framework/Versions/A/SkyLight
0x00000000034e2000 	/System/Library/Frameworks/CoreGraphics.framework/Versions/A/CoreGraphics
0x00000000034e2000 	/usr/lib/libScreenReader.dylib
0x00000000034e2000 	/System/Library/Frameworks/Accelerate.framework/Versions/A/Accelerate
0x00000000034e2000 	/System/Library/Frameworks/IOSurface.framework/Versions/A/IOSurface
0x00000000034e2000 	/System/Library/Frameworks/AudioToolbox.framework/Versions/A/AudioToolbox
0x00000000034e2000 	/System/Library/Frameworks/AudioUnit.framework/Versions/A/AudioUnit
0x00000000034e2000 	/System/Library/PrivateFrameworks/DataDetectorsCore.framework/Versions/A/DataDetectorsCore
0x00000000034e2000 	/System/Library/Frameworks/Carbon.framework/Versions/A/Frameworks/HIToolbox.framework/Versions/A/HIToolbox
0x00000000034e2000 	/usr/lib/libicucore.A.dylib
0x00000000034e2000 	/System/Library/Frameworks/QuartzCore.framework/Versions/A/QuartzCore
0x00000000034e2000 	/System/Library/Frameworks/Carbon.framework/Versions/A/Frameworks/SpeechRecognition.framework/Versions/A/SpeechRecognition
0x00000000034e2000 	/usr/lib/libauto.dylib
0x00000000034e2000 	/usr/lib/libxml2.2.dylib
0x00000000034e2000 	/System/Library/PrivateFrameworks/CoreUI.framework/Versions/A/CoreUI
0x00000000034e2000 	/System/Library/Frameworks/CoreAudio.framework/Versions/A/CoreAudio
0x00000000034e2000 	/System/Library/Frameworks/DiskArbitration.framework/Versions/A/DiskArbitration
0x00000000034e2000 	/usr/lib/liblangid.dylib
0x00000000034e2000 	/System/Library/PrivateFrameworks/MultitouchSupport.framework/Versions/A/MultitouchSupport
0x00000000034e2000 	/System/Library/Frameworks/IOKit.framework/Versions/A/IOKit
0x00000000034e2000 	/usr/lib/libDiagnosticMessagesClient.dylib
0x00000000034e2000 	/System/Library/Frameworks/CoreServices.framework/Versions/A/CoreServices
0x00000000034e2000 	/System/Library/PrivateFrameworks/PerformanceAnalysis.framework/Versions/A/PerformanceAnalysis
0x00000000034e2000 	/System/Library/Frameworks/OpenGL.framework/Versions/A/OpenGL
0x00000000034e2000 	/System/Library/Frameworks/ColorSync.framework/Versions/A/ColorSync
0x00000000034e2000 	/System/Library/Frameworks/CoreImage.framework/Versions/A/CoreImage
0x00000000034e2000 	/System/Library/Frameworks/CoreText.framework/Versions/A/CoreText
0x00000000034e2000 	/System/Library/Frameworks/ImageIO.framework/Versions/A/ImageIO
0x00000000034e2000 	/System/Library/PrivateFrameworks/Backup.framework/Versions/A/Backup
0x00000000034e2000 	/usr/lib/libarchive.2.dylib
0x00000000034e2000 	/System/Library/Frameworks/CFNetwork.framework/Versions/A/CFNetwork
0x00000000034e2000 	/System/Library/Frameworks/SystemConfiguration.framework/Versions/A/SystemConfiguration
0x00000000034e2000 	/usr/lib/libCRFSuite.dylib
0x00000000034e2000 	/usr/lib/libc++.1.dylib
0x00000000034e2000 	/usr/lib/libc++abi.dylib
0x00000000034e2000 	/usr/lib/system/libcache.dylib
0x00000000034e2000 	/usr/lib/system/libcommonCrypto.dylib
0x00000000034e2000 	/usr/lib/system/libcompiler_rt.dylib
0x00000000034e2000 	/usr/lib/system/libcopyfile.dylib
0x00000000034e2000 	/usr/lib/system/libcorecrypto.dylib
0x00000000034e2000 	/usr/lib/system/libdispatch.dylib
0x00000000034e2000 	/usr/lib/system/libdyld.dylib
0x00000000034e2000 	/usr/lib/system/libkeymgr.dylib
0x00000000034e2000 	/usr/lib/system/liblaunch.dylib
0x00000000034e2000 	/usr/lib/system/libmacho.dylib
0x00000000034e2000 	/usr/lib/system/libquarantine.dylib
0x00000000034e2000 	/usr/lib/system/libremovefile.dylib
0x00000000034e2000 	/usr/lib/system/libsystem_asl.dylib
0x00000000034e2000 	/usr/lib/system/libsystem_blocks.dylib
0x00000000034e2000 	/usr/lib/system/libsystem_c.dylib
0x00000000034e2000 	/usr/lib/system/libsystem_configuration.dylib
0x00000000034e2000 	/usr/lib/system/libsystem_coreservices.dylib
0x00000000034e2000 	/usr/lib/system/libsystem_darwin.dylib
0x00000000034e2000 	/usr/lib/system/libsystem_dnssd.dylib
0x00000000034e2000 	/usr/lib/system/libsystem_info.dylib
0x00000000034e2000 	/usr/lib/system/libsystem_m.dylib
0x00000000034e2000 	/usr/lib/system/libsystem_malloc.dylib
0x00000000034e2000 	/usr/lib/system/libsystem_network.dylib
0x00000000034e2000 	/usr/lib/system/libsystem_networkextension.dylib
0x00000000034e2000 	/usr/lib/system/libsystem_notify.dylib
0x00000000034e2000 	/usr/lib/system/libsystem_sandbox.dylib
0x00000000034e2000 	/usr/lib/system/libsystem_secinit.dylib
0x00000000034e2000 	/usr/lib/system/libsystem_kernel.dylib
0x00000000034e2000 	/usr/lib/system/libsystem_platform.dylib
0x00000000034e2000 	/usr/lib/system/libsystem_pthread.dylib
0x00000000034e2000 	/usr/lib/system/libsystem_symptoms.dylib
0x00000000034e2000 	/usr/lib/system/libsystem_trace.dylib
0x00000000034e2000 	/usr/lib/system/libunwind.dylib
0x00000000034e2000 	/usr/lib/system/libxpc.dylib
0x00000000034e2000 	/usr/lib/closure/libclosured.dylib
0x00000000034e2000 	/usr/lib/libbsm.0.dylib
0x00000000034e2000 	/usr/lib/system/libkxld.dylib
0x00000000034e2000 	/usr/lib/libOpenScriptingUtil.dylib
0x00000000034e2000 	/usr/lib/libcoretls.dylib
0x00000000034e2000 	/usr/lib/libcoretls_cfhelpers.dylib
0x00000000034e2000 	/usr/lib/libpam.2.dylib
0x00000000034e2000 	/usr/lib/libsqlite3.dylib
0x00000000034e2000 	/usr/lib/libxar.1.dylib
0x00000000034e2000 	/usr/lib/libbz2.1.0.dylib
0x00000000034e2000 	/usr/lib/liblzma.5.dylib
0x00000000034e2000 	/usr/lib/libnetwork.dylib
0x00000000034e2000 	/usr/lib/libapple_nghttp2.dylib
0x00000000034e2000 	/usr/lib/libpcap.A.dylib
0x00000000034e2000 	/usr/lib/libboringssl.dylib
0x00000000034e2000 	/usr/lib/libusrtcp.dylib
0x00000000034e2000 	/usr/lib/libapple_crypto.dylib
0x00000000034e2000 	/System/Library/Frameworks/CoreServices.framework/Versions/A/Frameworks/FSEvents.framework/Versions/A/FSEvents
0x00000000034e2000 	/System/Library/Frameworks/CoreServices.framework/Versions/A/Frameworks/CarbonCore.framework/Versions/A/CarbonCore
0x00000000034e2000 	/System/Library/Frameworks/CoreServices.framework/Versions/A/Frameworks/Metadata.framework/Versions/A/Metadata
0x00000000034e2000 	/System/Library/Frameworks/CoreServices.framework/Versions/A/Frameworks/OSServices.framework/Versions/A/OSServices
0x00000000034e2000 	/System/Library/Frameworks/CoreServices.framework/Versions/A/Frameworks/SearchKit.framework/Versions/A/SearchKit
0x00000000034e2000 	/System/Library/Frameworks/CoreServices.framework/Versions/A/Frameworks/AE.framework/Versions/A/AE
0x00000000034e2000 	/System/Library/Frameworks/CoreServices.framework/Versions/A/Frameworks/LaunchServices.framework/Versions/A/LaunchServices
0x00000000034e2000 	/System/Library/Frameworks/CoreServices.framework/Versions/A/Frameworks/DictionaryServices.framework/Versions/A/DictionaryServices
0x00000000034e2000 	/System/Library/Frameworks/CoreServices.framework/Versions/A/Frameworks/SharedFileList.framework/Versions/A/SharedFileList
0x00000000034e2000 	/System/Library/Frameworks/NetFS.framework/Versions/A/NetFS
0x00000000034e2000 	/System/Library/PrivateFrameworks/NetAuth.framework/Versions/A/NetAuth
0x00000000034e2000 	/System/Library/PrivateFrameworks/login.framework/Versions/A/Frameworks/loginsupport.framework/Versions/A/loginsupport
0x00000000034e2000 	/System/Library/PrivateFrameworks/TCC.framework/Versions/A/TCC
0x00000000034e2000 	/usr/lib/libmecabra.dylib
0x00000000034e2000 	/System/Library/Frameworks/ApplicationServices.framework/Versions/A/Frameworks/ATS.framework/Versions/A/ATS
0x00000000034e2000 	/System/Library/Frameworks/ApplicationServices.framework/Versions/A/Frameworks/ColorSyncLegacy.framework/Versions/A/ColorSyncLegacy
0x00000000034e2000 	/System/Library/Frameworks/ApplicationServices.framework/Versions/A/Frameworks/HIServices.framework/Versions/A/HIServices
0x00000000034e2000 	/System/Library/Frameworks/ApplicationServices.framework/Versions/A/Frameworks/LangAnalysis.framework/Versions/A/LangAnalysis
0x00000000034e2000 	/System/Library/Frameworks/ApplicationServices.framework/Versions/A/Frameworks/PrintCore.framework/Versions/A/PrintCore
0x00000000034e2000 	/System/Library/Frameworks/ApplicationServices.framework/Versions/A/Frameworks/QD.framework/Versions/A/QD
0x00000000034e2000 	/System/Library/Frameworks/ApplicationServices.framework/Versions/A/Frameworks/SpeechSynthesis.framework/Versions/A/SpeechSynthesis
0x00000000034e2000 	/System/Library/Frameworks/CoreDisplay.framework/Versions/A/CoreDisplay
0x00000000034e2000 	/System/Library/Frameworks/Accelerate.framework/Versions/A/Frameworks/vImage.framework/Versions/A/vImage
0x00000000034e2000 	/System/Library/Frameworks/Accelerate.framework/Versions/A/Frameworks/vecLib.framework/Versions/A/vecLib
0x00000000034e2000 	/System/Library/Frameworks/Accelerate.framework/Versions/A/Frameworks/vecLib.framework/Versions/A/libvDSP.dylib
0x00000000034e2000 	/System/Library/Frameworks/Accelerate.framework/Versions/A/Frameworks/vecLib.framework/Versions/A/libBNNS.dylib
0x00000000034e2000 	/System/Library/Frameworks/Accelerate.framework/Versions/A/Frameworks/vecLib.framework/Versions/A/libQuadrature.dylib
0x00000000034e2000 	/System/Library/Frameworks/Accelerate.framework/Versions/A/Frameworks/vecLib.framework/Versions/A/libvMisc.dylib
0x00000000034e2000 	/System/Library/Frameworks/Accelerate.framework/Versions/A/Frameworks/vecLib.framework/Versions/A/libLAPACK.dylib
0x00000000034e2000 	/System/Library/Frameworks/Accelerate.framework/Versions/A/Frameworks/vecLib.framework/Versions/A/libBLAS.dylib
0x00000000034e2000 	/System/Library/Frameworks/Accelerate.framework/Versions/A/Frameworks/vecLib.framework/Versions/A/libLinearAlgebra.dylib
0x00000000034e2000 	/System/Library/Frameworks/Accelerate.framework/Versions/A/Frameworks/vecLib.framework/Versions/A/libSparse.dylib
0x00000000034e2000 	/System/Library/Frameworks/Accelerate.framework/Versions/A/Frameworks/vecLib.framework/Versions/A/libSparseBLAS.dylib
0x00000000034e2000 	/System/Library/PrivateFrameworks/IOAccelerator.framework/Versions/A/IOAccelerator
0x00000000034e2000 	/System/Library/PrivateFrameworks/IOPresentment.framework/Versions/A/IOPresentment
0x00000000034e2000 	/System/Library/PrivateFrameworks/DSExternalDisplay.framework/Versions/A/DSExternalDisplay
0x00000000034e2000 	/System/Library/Frameworks/OpenGL.framework/Versions/A/Libraries/libCoreFSCache.dylib
0x00000000034e2000 	/System/Library/Frameworks/CoreVideo.framework/Versions/A/CoreVideo
0x00000000034e2000 	/System/Library/PrivateFrameworks/GraphVisualizer.framework/Versions/A/GraphVisualizer
0x00000000034e2000 	/System/Library/Frameworks/MetalPerformanceShaders.framework/Versions/A/MetalPerformanceShaders
0x00000000034e2000 	/usr/lib/libFosl_dynamic.dylib
0x00000000034e2000 	/System/Library/PrivateFrameworks/FaceCore.framework/Versions/A/FaceCore
0x00000000034e2000 	/System/Library/Frameworks/OpenCL.framework/Versions/A/OpenCL
0x00000000034e2000 	/usr/lib/libcompression.dylib
0x00000000034e2000 	/System/Library/Frameworks/ApplicationServices.framework/Versions/A/Frameworks/ATS.framework/Versions/A/Resources/libFontParser.dylib
0x00000000034e2000 	/System/Library/Frameworks/ApplicationServices.framework/Versions/A/Frameworks/ATS.framework/Versions/A/Resources/libFontRegistry.dylib
0x00000000034e2000 	/System/Library/Frameworks/ImageIO.framework/Versions/A/Resources/libJPEG.dylib
0x00000000034e2000 	/System/Library/Frameworks/ImageIO.framework/Versions/A/Resources/libTIFF.dylib
0x00000000034e2000 	/System/Library/Frameworks/ImageIO.framework/Versions/A/Resources/libPng.dylib
0x00000000034e2000 	/System/Library/Frameworks/ImageIO.framework/Versions/A/Resources/libGIF.dylib
0x00000000034e2000 	/System/Library/Frameworks/ImageIO.framework/Versions/A/Resources/libJP2.dylib
0x00000000034e2000 	/System/Library/Frameworks/ImageIO.framework/Versions/A/Resources/libRadiance.dylib
0x00000000034e2000 	/System/Library/PrivateFrameworks/AppleJPEG.framework/Versions/A/AppleJPEG
0x00000000034e2000 	/System/Library/PrivateFrameworks/MetalTools.framework/Versions/A/MetalTools
0x00000000034e2000 	/System/Library/Frameworks/MetalPerformanceShaders.framework/Frameworks/MPSCore.framework/Versions/A/MPSCore
0x00000000034e2000 	/System/Library/Frameworks/MetalPerformanceShaders.framework/Frameworks/MPSImage.framework/Versions/A/MPSImage
0x00000000034e2000 	/System/Library/Frameworks/MetalPerformanceShaders.framework/Frameworks/MPSMatrix.framework/Versions/A/MPSMatrix
0x00000000034e2000 	/System/Library/Frameworks/MetalPerformanceShaders.framework/Frameworks/MPSNeuralNetwork.framework/Versions/A/MPSNeuralNetwork
0x00000000034e2000 	/System/Library/Frameworks/OpenGL.framework/Versions/A/Libraries/libGLU.dylib
0x00000000034e2000 	/System/Library/Frameworks/OpenGL.framework/Versions/A/Libraries/libGFXShared.dylib
0x00000000034e2000 	/System/Library/Frameworks/OpenGL.framework/Versions/A/Libraries/libGL.dylib
0x00000000034e2000 	/System/Library/Frameworks/OpenGL.framework/Versions/A/Libraries/libGLImage.dylib
0x00000000034e2000 	/System/Library/Frameworks/OpenGL.framework/Versions/A/Libraries/libCVMSPluginSupport.dylib
0x00000000034e2000 	/System/Library/Frameworks/OpenGL.framework/Versions/A/Libraries/libCoreVMClient.dylib
0x00000000034e2000 	/usr/lib/libcups.2.dylib
0x00000000034e2000 	/System/Library/Frameworks/Kerberos.framework/Versions/A/Kerberos
0x00000000034e2000 	/System/Library/Frameworks/GSS.framework/Versions/A/GSS
0x00000000034e2000 	/usr/lib/libresolv.9.dylib
0x00000000034e2000 	/usr/lib/libiconv.2.dylib
0x00000000034e2000 	/System/Library/PrivateFrameworks/Heimdal.framework/Versions/A/Heimdal
0x00000000034e2000 	/usr/lib/libheimdal-asn1.dylib
0x00000000034e2000 	/System/Library/Frameworks/OpenDirectory.framework/Versions/A/OpenDirectory
0x00000000034e2000 	/System/Library/PrivateFrameworks/CommonAuth.framework/Versions/A/CommonAuth
0x00000000034e2000 	/System/Library/Frameworks/OpenDirectory.framework/Versions/A/Frameworks/CFOpenDirectory.framework/Versions/A/CFOpenDirectory
0x00000000034e2000 	/System/Library/Frameworks/SecurityFoundation.framework/Versions/A/SecurityFoundation
0x00000000034e2000 	/System/Library/PrivateFrameworks/APFS.framework/Versions/A/APFS
0x00000000034e2000 	/usr/lib/libutil.dylib
0x00000000034e2000 	/System/Library/PrivateFrameworks/AppleSauce.framework/Versions/A/AppleSauce
0x00000000034e2000 	/System/Library/PrivateFrameworks/LinguisticData.framework/Versions/A/LinguisticData
0x00000000034e2000 	/usr/lib/libmarisa.dylib
0x00000000034e2000 	/System/Library/PrivateFrameworks/Lexicon.framework/Versions/A/Lexicon
0x00000000034e2000 	/usr/lib/libChineseTokenizer.dylib
0x00000000034e2000 	/usr/lib/libcmph.dylib
0x00000000034e2000 	/System/Library/PrivateFrameworks/LanguageModeling.framework/Versions/A/LanguageModeling
0x00000000034e2000 	/System/Library/PrivateFrameworks/CoreEmoji.framework/Versions/A/CoreEmoji
0x00000000034e2000 	/System/Library/Frameworks/ServiceManagement.framework/Versions/A/ServiceManagement
0x00000000034e2000 	/System/Library/PrivateFrameworks/BackgroundTaskManagement.framework/Versions/A/BackgroundTaskManagement
0x00000000034e2000 	/usr/lib/libxslt.1.dylib
0x00000000034e2000 	/System/Library/Frameworks/Carbon.framework/Versions/A/Frameworks/Ink.framework/Versions/A/Ink
0x00000000034e2000 	/System/Library/PrivateFrameworks/TextureIO.framework/Versions/A/TextureIO
0x00000000034e2000 	/usr/lib/libate.dylib
0x00000000034e2000 	/System/Library/PrivateFrameworks/CrashReporterSupport.framework/Versions/A/CrashReporterSupport
0x00000000034e2000 	/System/Library/PrivateFrameworks/Sharing.framework/Versions/A/Sharing
0x00000000034e2000 	/System/Library/PrivateFrameworks/IconServices.framework/Versions/A/IconServices
0x00000000034e2000 	/System/Library/PrivateFrameworks/ProtocolBuffer.framework/Versions/A/ProtocolBuffer
0x00000000034e2000 	/System/Library/PrivateFrameworks/Apple80211.framework/Versions/A/Apple80211
0x00000000034e2000 	/System/Library/Frameworks/CoreWLAN.framework/Versions/A/CoreWLAN
0x00000000034e2000 	/System/Library/PrivateFrameworks/CoreUtils.framework/Versions/A/CoreUtils
0x00000000034e2000 	/System/Library/Frameworks/IOBluetooth.framework/Versions/A/IOBluetooth
0x00000000034e2000 	/System/Library/PrivateFrameworks/CoreWiFi.framework/Versions/A/CoreWiFi
0x00000000034e2000 	/System/Library/Frameworks/CoreBluetooth.framework/Versions/A/CoreBluetooth
0x00000000034e2000 	/System/Library/PrivateFrameworks/SignpostNotification.framework/Versions/A/SignpostNotification
0x00000000034e2000 	/System/Library/PrivateFrameworks/DebugSymbols.framework/Versions/A/DebugSymbols
0x00000000034e2000 	/System/Library/PrivateFrameworks/CoreSymbolication.framework/Versions/A/CoreSymbolication
0x00000000034e2000 	/System/Library/PrivateFrameworks/Symbolication.framework/Versions/A/Symbolication
0x00000000034e2000 	/System/Library/PrivateFrameworks/AppleFSCompression.framework/Versions/A/AppleFSCompression
0x00000000034e2000 	/System/Library/PrivateFrameworks/SpeechRecognitionCore.framework/Versions/A/SpeechRecognitionCore
0x0000000103400000 	/Library/Java/JavaVirtualMachines/jdk1.8.0_144.jdk/Contents/Home/jre/lib/server/libjvm.dylib
0x00000000034e2000 	/usr/lib/libstdc++.6.0.9.dylib
0x00000001022ad000 	/Library/Java/JavaVirtualMachines/jdk1.8.0_144.jdk/Contents/Home/jre/lib/libverify.dylib
0x00000001022bb000 	/Library/Java/JavaVirtualMachines/jdk1.8.0_144.jdk/Contents/Home/jre/lib/libjava.dylib
0x00000001022f1000 	/Library/Java/JavaVirtualMachines/jdk1.8.0_144.jdk/Contents/Home/jre/lib/libinstrument.dylib
0x000000010238f000 	/Library/Java/JavaVirtualMachines/jdk1.8.0_144.jdk/Contents/Home/jre/lib/libzip.dylib
0x00000000034e2000 	/System/Library/Frameworks/JavaVM.framework/Versions/A/Frameworks/JavaRuntimeSupport.framework/Versions/A/JavaRuntimeSupport
0x00000000034e2000 	/System/Library/Frameworks/JavaVM.framework/Versions/A/Frameworks/JavaNativeFoundation.framework/Versions/A/JavaNativeFoundation
0x00000000034e2000 	/System/Library/Frameworks/JavaVM.framework/Versions/A/JavaVM
0x00000000034e2000 	/System/Library/Frameworks/Carbon.framework/Versions/A/Carbon
0x00000000034e2000 	/System/Library/PrivateFrameworks/JavaLaunching.framework/Versions/A/JavaLaunching
0x00000000034e2000 	/System/Library/Frameworks/Carbon.framework/Versions/A/Frameworks/CommonPanels.framework/Versions/A/CommonPanels
0x00000000034e2000 	/System/Library/Frameworks/Carbon.framework/Versions/A/Frameworks/Help.framework/Versions/A/Help
0x00000000034e2000 	/System/Library/Frameworks/Carbon.framework/Versions/A/Frameworks/ImageCapture.framework/Versions/A/ImageCapture
0x00000000034e2000 	/System/Library/Frameworks/Carbon.framework/Versions/A/Frameworks/OpenScripting.framework/Versions/A/OpenScripting
0x00000000034e2000 	/System/Library/Frameworks/Carbon.framework/Versions/A/Frameworks/Print.framework/Versions/A/Print
0x00000000034e2000 	/System/Library/Frameworks/Carbon.framework/Versions/A/Frameworks/SecurityHI.framework/Versions/A/SecurityHI
0x0000000110674000 	/Library/Java/JavaVirtualMachines/jdk1.8.0_144.jdk/Contents/Home/jre/lib/libnet.dylib
0x00000001106d3000 	/Library/Java/JavaVirtualMachines/jdk1.8.0_144.jdk/Contents/Home/jre/lib/libawt.dylib
0x000000011077b000 	/Library/Java/JavaVirtualMachines/jdk1.8.0_144.jdk/Contents/Home/jre/lib/./libmlib_image.dylib
0x0000000110847000 	/Library/Java/JavaVirtualMachines/jdk1.8.0_144.jdk/Contents/Home/jre/lib/libawt_lwawt.dylib
0x00000001108fe000 	/Library/Java/JavaVirtualMachines/jdk1.8.0_144.jdk/Contents/Home/jre/lib/./libosxapp.dylib
0x00000000034e2000 	/System/Library/Frameworks/ExceptionHandling.framework/Versions/A/ExceptionHandling
0x00000000034e2000 	/System/Library/PrivateFrameworks/CoreServicesInternal.framework/Versions/A/CoreServicesInternal
0x00000000034e2000 	/System/Library/CoreServices/RawCamera.bundle/Contents/MacOS/RawCamera
0x00000000034e2000 	/System/Library/PrivateFrameworks/MobileAsset.framework/Versions/A/MobileAsset
0x00000000034e2000 	/System/Library/PrivateFrameworks/StreamingZip.framework/Versions/A/StreamingZip
0x00000000034e2000 	/System/Library/Frameworks/MediaToolbox.framework/Versions/A/MediaToolbox
0x00000000034e2000 	/System/Library/PrivateFrameworks/CoreAVCHD.framework/Versions/A/CoreAVCHD
0x00000000034e2000 	/System/Library/Frameworks/MediaAccessibility.framework/Versions/A/MediaAccessibility
0x00000000034e2000 	/System/Library/PrivateFrameworks/Mangrove.framework/Versions/A/Mangrove
0x00000000034e2000 	/System/Library/Frameworks/CoreMedia.framework/Versions/A/CoreMedia
0x00000000034e2000 	/System/Library/Frameworks/VideoToolbox.framework/Versions/A/VideoToolbox
0x00000000034e2000 	/System/Library/PrivateFrameworks/CoreAUC.framework/Versions/A/CoreAUC
0x00000000034e2000 	/usr/lib/libspindump.dylib
0x00000000034e2000 	/usr/lib/libdscsym.dylib
0x00000000034e2000 	/System/Library/PrivateFrameworks/AppleVA.framework/Versions/A/AppleVA
0x00000000034e2000 	/System/Library/Frameworks/Accelerate.framework/Versions/A/Frameworks/vImage.framework/Versions/A/Libraries/libCGInterfaces.dylib
0x00000000034e2000 	/System/Library/Frameworks/ApplicationServices.framework/Versions/A/Frameworks/ATS.framework/Versions/A/Resources/libTrueTypeScaler.dylib
0x00000000034e2000 	/System/Library/Frameworks/OpenGL.framework/Versions/A/Resources/GLEngine.bundle/GLEngine
0x00000000034e2000 	/System/Library/Frameworks/OpenGL.framework/Versions/A/Libraries/libGLProgrammability.dylib
0x000000012382f000 	/System/Library/Extensions/AppleIntelSKLGraphicsGLDriver.bundle/Contents/MacOS/AppleIntelSKLGraphicsGLDriver
0x00000000034e2000 	/System/Library/PrivateFrameworks/GPUSupport.framework/Versions/A/Libraries/libGPUSupportMercury.dylib
0x000000012485f000 	/System/Library/Extensions/AMDRadeonX4000GLDriver.bundle/Contents/MacOS/AMDRadeonX4000GLDriver
0x00000000034e2000 	/System/Library/Extensions/AMDRadeonX4000GLDriver.bundle/Contents/MacOS/ATIRadeonX4000SCLib.dylib
0x00000000034e2000 	/System/Library/Frameworks/OpenGL.framework/Versions/A/Resources/GLRendererFloat.bundle/GLRendererFloat
0x00000000034e2000 	/System/Library/Frameworks/OpenCL.framework/Versions/A/Libraries/libcldcpuengine.dylib
0x00000000034e2000 	/usr/lib/libcrypto.35.dylib
0x00000000034e2000 	/System/Library/PrivateFrameworks/TrustEvaluationAgent.framework/Versions/A/TrustEvaluationAgent
0x00000000034e2000 	/System/Library/Extensions/AppleIntelSKLGraphicsMTLDriver.bundle/Contents/MacOS/AppleIntelSKLGraphicsMTLDriver
0x0000000124997000 	/System/Library/Extensions/AMDMTLBronzeDriver.bundle/Contents/MacOS/AMDMTLBronzeDriver
0x00000000034e2000 	/System/Library/PrivateFrameworks/IOAccelMemoryInfo.framework/Versions/A/IOAccelMemoryInfo
0x00000000034e2000 	/System/Library/PrivateFrameworks/GPUCompiler.framework/Versions/3802/Libraries/libmetal_timestamp.dylib
0x00000000034e2000 	/System/Library/PrivateFrameworks/FamilyControls.framework/Versions/A/FamilyControls
0x00000000034e2000 	/System/Library/PrivateFrameworks/CommerceKit.framework/Versions/A/Frameworks/CommerceCore.framework/Versions/A/CommerceCore
0x00000000034e2000 	/System/Library/PrivateFrameworks/SystemAdministration.framework/Versions/A/SystemAdministration
0x00000000034e2000 	/System/Library/PrivateFrameworks/AppContainer.framework/Versions/A/AppContainer
0x00000000034e2000 	/System/Library/PrivateFrameworks/SecCodeWrapper.framework/Versions/A/SecCodeWrapper
0x00000000034e2000 	/System/Library/PrivateFrameworks/DiskManagement.framework/Versions/A/DiskManagement
0x00000000034e2000 	/System/Library/Frameworks/DirectoryService.framework/Versions/A/DirectoryService
0x00000000034e2000 	/System/Library/PrivateFrameworks/DiskImages.framework/Versions/A/DiskImages
0x00000000034e2000 	/System/Library/PrivateFrameworks/LoginUIKit.framework/Versions/A/Frameworks/LoginUICore.framework/Versions/A/LoginUICore
0x00000000034e2000 	/usr/lib/libCoreStorage.dylib
0x00000000034e2000 	/usr/lib/libcsfde.dylib
0x00000000034e2000 	/usr/lib/libodfde.dylib
0x00000000034e2000 	/System/Library/PrivateFrameworks/MediaKit.framework/Versions/A/MediaKit
0x00000000034e2000 	/System/Library/Frameworks/DiscRecording.framework/Versions/A/DiscRecording
0x00000000034e2000 	/System/Library/PrivateFrameworks/EFILogin.framework/Versions/A/EFILogin
0x00000000034e2000 	/System/Library/PrivateFrameworks/ProtectedCloudStorage.framework/Versions/A/ProtectedCloudStorage
0x00000000034e2000 	/usr/lib/libcurl.4.dylib
0x00000000034e2000 	/usr/lib/libssl.35.dylib
0x00000000034e2000 	/System/Library/Frameworks/LDAP.framework/Versions/A/LDAP
0x00000000034e2000 	/usr/lib/libsasl2.2.dylib
0x00000000034e2000 	/System/Library/PrivateFrameworks/CoreDaemon.framework/Versions/B/CoreDaemon
0x00000000034e2000 	/System/Library/PrivateFrameworks/AppleSRP.framework/Versions/A/AppleSRP
0x000000012657f000 	/Library/Java/JavaVirtualMachines/jdk1.8.0_144.jdk/Contents/Home/jre/lib/libfontmanager.dylib
0x00000001266ab000 	/Library/Java/JavaVirtualMachines/jdk1.8.0_144.jdk/Contents/Home/jre/lib/libosxui.dylib
0x00000000034e2000 	/System/Library/PrivateFrameworks/ViewBridge.framework/Versions/A/ViewBridge
0x000000012749e000 	/Library/Java/JavaVirtualMachines/jdk1.8.0_144.jdk/Contents/Home/jre/lib/libnio.dylib
0x000000012754e000 	/private/var/folders/ym/6jnsllsx4fj83_szpd7vdcw00000gn/T/jogamp_0000/file_cache/jln2219044857325977089/jln3183294818004577938/natives/macosx-universal/libgluegen-rt.jnilib
0x0000000124ed1000 	/private/var/folders/ym/6jnsllsx4fj83_szpd7vdcw00000gn/T/jogamp_0000/file_cache/jln2219044857325977089/jln3183294818004577938/natives/macosx-universal/libnativewindow_awt.jnilib
0x0000000124ed4000 	/Library/Java/JavaVirtualMachines/jdk1.8.0_144.jdk/Contents/Home/jre/lib/libjawt.dylib
0x0000000124ed7000 	/private/var/folders/ym/6jnsllsx4fj83_szpd7vdcw00000gn/T/jogamp_0000/file_cache/jln2219044857325977089/jln3183294818004577938/natives/macosx-universal/libnativewindow_macosx.jnilib
0x000000012366a000 	/private/var/folders/ym/6jnsllsx4fj83_szpd7vdcw00000gn/T/jogamp_0000/file_cache/jln2219044857325977089/jln3183294818004577938/natives/macosx-universal/libjogl_desktop.jnilib
0x000000012373e000 	/private/var/folders/ym/6jnsllsx4fj83_szpd7vdcw00000gn/T/jogamp_0000/file_cache/jln2219044857325977089/jln3183294818004577938/natives/macosx-universal/libjogl_mobile.jnilib
0x00000000034e2000 	/System/Library/PrivateFrameworks/login.framework/Versions/A/login

VM Arguments:
jvm_args: -javaagent:/Applications/IntelliJ IDEA.app/Contents/lib/idea_rt.jar=57881:/Applications/IntelliJ IDEA.app/Contents/bin -Dfile.encoding=UTF-8 
java_command: ScenegraphViewer
java_class_path (initial): /Library/Java/JavaVirtualMachines/jdk1.8.0_144.jdk/Contents/Home/jre/lib/charsets.jar:/Library/Java/JavaVirtualMachines/jdk1.8.0_144.jdk/Contents/Home/jre/lib/deploy.jar:/Library/Java/JavaVirtualMachines/jdk1.8.0_144.jdk/Contents/Home/jre/lib/ext/cldrdata.jar:/Library/Java/JavaVirtualMachines/jdk1.8.0_144.jdk/Contents/Home/jre/lib/ext/dnsns.jar:/Library/Java/JavaVirtualMachines/jdk1.8.0_144.jdk/Contents/Home/jre/lib/ext/jaccess.jar:/Library/Java/JavaVirtualMachines/jdk1.8.0_144.jdk/Contents/Home/jre/lib/ext/jfxrt.jar:/Library/Java/JavaVirtualMachines/jdk1.8.0_144.jdk/Contents/Home/jre/lib/ext/localedata.jar:/Library/Java/JavaVirtualMachines/jdk1.8.0_144.jdk/Contents/Home/jre/lib/ext/nashorn.jar:/Library/Java/JavaVirtualMachines/jdk1.8.0_144.jdk/Contents/Home/jre/lib/ext/sunec.jar:/Library/Java/JavaVirtualMachines/jdk1.8.0_144.jdk/Contents/Home/jre/lib/ext/sunjce_provider.jar:/Library/Java/JavaVirtualMachines/jdk1.8.0_144.jdk/Contents/Home/jre/lib/ext/sunpkcs11.jar:/Library/Java/JavaVirtualMachines/jdk1.8.0_144.jdk/Contents/Home/jre/lib/ext/zipfs.jar:/Library/Java/JavaVirtualMachines/jdk1.8.0_144.jdk/Contents/Home/jre/lib/javaws.jar:/Library/Java/JavaVirtualMachines/jdk1.8.0_144.jdk/Contents/Home/jre/lib/jce.jar:/Library/Java/JavaVirtualMachines/jdk1.8.0_144.jdk/Contents/Home/jre/lib/jfr.jar:/Library/Java/JavaVirtualMachines/jdk1.8.0_144.jdk/Contents/Home/jre/lib/jfxswt.jar:/Library/Java/JavaVirtualMachines/jdk1.8.0_144.jdk/Contents/Home/jre/lib/jsse.jar:/Library/Java/JavaVirtualMachines/jdk1.8.0_144.jdk/Contents/Home/jre/lib/management-agent.jar:/Library/Java/JavaVirtualMachines/jdk1.8.0_144.jdk/Contents/Home/jre/lib/plugin.jar:/Library/Java/JavaVirtualMachines/jdk1.8.0_144.jdk/Contents/Home/jre/lib/resources.jar:/Library/Java/JavaVirtualMachines/jdk1.8.0_144.jdk/Contents/Home/jre/lib/rt.jar:/Library/Java/JavaVirtualMachines/jdk1.8.0_144.jdk/Contents/Home/lib/ant-javafx.jar:/Library/Java/JavaVirtualMachines/jdk1.8.0_144.jdk/Contents/Home
Launcher Type: SUN_STANDARD

Environment Variables:
PATH=/usr/local/bin:/usr/bin:/bin:/usr/sbin:/sbin
SHELL=/usr/local/bin/fish

Signal Handlers:
SIGSEGV: [libjvm.dylib+0x5b26e5], sa_mask[0]=11111111011111110111111111111111, sa_flags=SA_ONSTACK|SA_RESTART|SA_SIGINFO
SIGBUS: [libjvm.dylib+0x5b26e5], sa_mask[0]=11111111011111110111111111111111, sa_flags=SA_RESTART|SA_SIGINFO
SIGFPE: [libjvm.dylib+0x489100], sa_mask[0]=11111111011111110111111111111111, sa_flags=SA_RESTART|SA_SIGINFO
SIGPIPE: [libjvm.dylib+0x489100], sa_mask[0]=11111111011111110111111111111111, sa_flags=SA_RESTART|SA_SIGINFO
SIGXFSZ: [libjvm.dylib+0x489100], sa_mask[0]=11111111011111110111111111111111, sa_flags=SA_RESTART|SA_SIGINFO
SIGILL: [libjvm.dylib+0x489100], sa_mask[0]=11111111011111110111111111111111, sa_flags=SA_RESTART|SA_SIGINFO
SIGUSR1: SIG_DFL, sa_mask[0]=00000000000000000000000000000000, sa_flags=none
SIGUSR2: [libjvm.dylib+0x488c1e], sa_mask[0]=00100000000000000000000000000000, sa_flags=SA_RESTART|SA_SIGINFO
SIGHUP: [libjvm.dylib+0x4871f5], sa_mask[0]=11111111011111110111111111111111, sa_flags=SA_RESTART|SA_SIGINFO
SIGINT: [libjvm.dylib+0x4871f5], sa_mask[0]=11111111011111110111111111111111, sa_flags=SA_RESTART|SA_SIGINFO
SIGTERM: [libjvm.dylib+0x4871f5], sa_mask[0]=11111111011111110111111111111111, sa_flags=SA_RESTART|SA_SIGINFO
SIGQUIT: [libjvm.dylib+0x4871f5], sa_mask[0]=11111111011111110111111111111111, sa_flags=SA_RESTART|SA_SIGINFO


---------------  S Y S T E M  ---------------

OS:Bsduname:Darwin 17.0.0 Darwin Kernel Version 17.0.0: Thu Aug 24 21:48:19 PDT 2017; root:xnu-4570.1.46~2/RELEASE_X86_64 x86_64
rlimit: STACK 8192k, CORE 0k, NPROC 1418, NOFILE 10240, AS infinity
load average:6.37 4.12 3.84

CPU:total 8 (initial active 8) (4 cores per cpu, 2 threads per core) family 6 model 94 stepping 3, cmov, cx8, fxsr, mmx, sse, sse2, sse3, ssse3, sse4.1, sse4.2, popcnt, avx, avx2, aes, clmul, erms, rtm, 3dnowpref, lzcnt, ht, tsc, tscinvbit, bmi1, bmi2, adx

Memory: 4k page, physical 16777216k(4141904k free)

/proc/meminfo:


vm_info: Java HotSpot(TM) 64-Bit Server VM (25.144-b01) for bsd-amd64 JRE (1.8.0_144-b01), built on Jul 21 2017 22:07:42 by "java_re" with gcc 4.2.1 (Based on Apple Inc. build 5658) (LLVM build 2336.11.00)

time: Sat Oct 14 14:27:44 2017
elapsed time: 168 seconds (0d 0h 2m 48s)

